mode: atomic
github.com/burcev/api/internal/modules/auth/handler.go:20.66,26.2 1 3
github.com/burcev/api/internal/modules/auth/handler.go:42.44,44.47 2 3
github.com/burcev/api/internal/modules/auth/handler.go:44.47,47.3 2 2
github.com/burcev/api/internal/modules/auth/handler.go:49.2,50.16 2 1
github.com/burcev/api/internal/modules/auth/handler.go:50.16,54.3 3 0
github.com/burcev/api/internal/modules/auth/handler.go:56.2,56.62 1 1
github.com/burcev/api/internal/modules/auth/handler.go:60.41,62.47 2 2
github.com/burcev/api/internal/modules/auth/handler.go:62.47,65.3 2 1
github.com/burcev/api/internal/modules/auth/handler.go:67.2,68.16 2 1
github.com/burcev/api/internal/modules/auth/handler.go:68.16,72.3 3 0
github.com/burcev/api/internal/modules/auth/handler.go:74.2,74.44 1 1
github.com/burcev/api/internal/modules/auth/handler.go:78.42,81.2 1 0
github.com/burcev/api/internal/modules/auth/handler.go:84.50,96.2 4 1
github.com/burcev/api/internal/modules/auth/service.go:20.66,25.2 1 6
github.com/burcev/api/internal/modules/auth/service.go:43.94,57.2 3 3
github.com/burcev/api/internal/modules/auth/service.go:60.92,74.16 4 2
github.com/burcev/api/internal/modules/auth/service.go:74.16,76.3 1 0
github.com/burcev/api/internal/modules/auth/service.go:78.2,81.8 1 2
github.com/burcev/api/internal/modules/auth/service.go:85.61,96.2 3 3
github.com/burcev/api/internal/shared/middleware/auth.go:22.54,23.30 1 4
github.com/burcev/api/internal/shared/middleware/auth.go:23.30,26.23 2 4
github.com/burcev/api/internal/shared/middleware/auth.go:26.23,30.4 3 1
github.com/burcev/api/internal/shared/middleware/auth.go:33.3,34.46 2 3
github.com/burcev/api/internal/shared/middleware/auth.go:34.46,38.4 3 0
github.com/burcev/api/internal/shared/middleware/auth.go:40.3,43.109 2 3
github.com/burcev/api/internal/shared/middleware/auth.go:43.109,45.4 1 2
github.com/burcev/api/internal/shared/middleware/auth.go:47.3,47.33 1 3
github.com/burcev/api/internal/shared/middleware/auth.go:47.33,51.4 3 2
github.com/burcev/api/internal/shared/middleware/auth.go:54.3,54.51 1 1
github.com/burcev/api/internal/shared/middleware/auth.go:54.51,58.4 3 1
github.com/burcev/api/internal/shared/middleware/auth.go:58.9,62.4 3 0
github.com/burcev/api/internal/shared/middleware/auth.go:64.3,64.11 1 1
github.com/burcev/api/internal/shared/middleware/auth.go:69.51,70.30 1 3
github.com/burcev/api/internal/shared/middleware/auth.go:70.30,72.14 2 3
github.com/burcev/api/internal/shared/middleware/auth.go:72.14,76.4 3 1
github.com/burcev/api/internal/shared/middleware/auth.go:78.3,79.37 2 2
github.com/burcev/api/internal/shared/middleware/auth.go:79.37,80.27 1 3
github.com/burcev/api/internal/shared/middleware/auth.go:80.27,83.5 2 1
github.com/burcev/api/internal/shared/middleware/auth.go:86.3,87.12 2 1
github.com/burcev/api/internal/shared/middleware/error.go:12.55,13.30 1 0
github.com/burcev/api/internal/shared/middleware/error.go:13.30,17.24 2 0
github.com/burcev/api/internal/shared/middleware/error.go:17.24,27.27 3 0
github.com/burcev/api/internal/shared/middleware/error.go:27.27,29.5 1 0
github.com/burcev/api/internal/shared/middleware/logger.go:11.49,12.30 1 0
github.com/burcev/api/internal/shared/middleware/logger.go:12.30,30.3 7 0
github.com/burcev/api/internal/config/config.go:29.30,47.27 3 0
github.com/burcev/api/internal/config/config.go:47.27,49.3 1 0
github.com/burcev/api/internal/config/config.go:50.2,50.34 1 0
github.com/burcev/api/internal/config/config.go:50.34,52.3 1 0
github.com/burcev/api/internal/config/config.go:54.2,54.17 1 0
github.com/burcev/api/internal/config/config.go:57.46,58.42 1 0
github.com/burcev/api/internal/config/config.go:58.42,60.3 1 0
github.com/burcev/api/internal/config/config.go:61.2,61.21 1 0
github.com/burcev/api/internal/config/config.go:64.52,66.54 2 0
github.com/burcev/api/internal/config/config.go:66.54,68.3 1 0
github.com/burcev/api/internal/config/config.go:69.2,69.21 1 0
github.com/burcev/api/cmd/server/main.go:22.13,29.16 4 0
github.com/burcev/api/cmd/server/main.go:29.16,31.3 1 0
github.com/burcev/api/cmd/server/main.go:34.2,34.29 1 0
github.com/burcev/api/cmd/server/main.go:34.29,36.3 1 0
github.com/burcev/api/cmd/server/main.go:39.2,57.45 6 0
github.com/burcev/api/cmd/server/main.go:57.45,63.3 1 0
github.com/burcev/api/cmd/server/main.go:66.2,67.2 2 0
github.com/burcev/api/cmd/server/main.go:67.2,71.3 3 0
github.com/burcev/api/cmd/server/main.go:71.3,76.4 4 0
github.com/burcev/api/cmd/server/main.go:79.3,82.3 4 0
github.com/burcev/api/cmd/server/main.go:82.3,85.4 2 0
github.com/burcev/api/cmd/server/main.go:88.3,91.3 4 0
github.com/burcev/api/cmd/server/main.go:91.3,97.4 5 0
github.com/burcev/api/cmd/server/main.go:101.2,110.12 2 0
github.com/burcev/api/cmd/server/main.go:110.12,112.77 2 0
github.com/burcev/api/cmd/server/main.go:112.77,114.4 1 0
github.com/burcev/api/cmd/server/main.go:118.2,127.42 7 0
github.com/burcev/api/cmd/server/main.go:127.42,129.3 1 0
github.com/burcev/api/cmd/server/main.go:131.2,131.27 1 0
github.com/burcev/api/internal/shared/logger/logger.go:16.20,20.25 3 0
github.com/burcev/api/internal/shared/logger/logger.go:20.25,22.3 1 0
github.com/burcev/api/internal/shared/logger/logger.go:22.8,25.3 2 0
github.com/burcev/api/internal/shared/logger/logger.go:27.2,28.16 2 0
github.com/burcev/api/internal/shared/logger/logger.go:28.16,29.13 1 0
github.com/burcev/api/internal/shared/logger/logger.go:32.2,34.3 1 0
github.com/burcev/api/internal/shared/response/response.go:15.64,20.2 1 0
github.com/burcev/api/internal/shared/response/response.go:23.60,28.2 1 0
github.com/burcev/api/internal/shared/response/response.go:31.91,37.2 1 0
github.com/burcev/api/internal/modules/nutrition/handler.go:20.66,26.2 1 0
github.com/burcev/api/internal/modules/nutrition/handler.go:40.46,44.16 3 0
github.com/burcev/api/internal/modules/nutrition/handler.go:44.16,48.3 3 0
github.com/burcev/api/internal/modules/nutrition/handler.go:50.2,50.63 1 0
github.com/burcev/api/internal/modules/nutrition/handler.go:54.47,58.47 3 0
github.com/burcev/api/internal/modules/nutrition/handler.go:58.47,61.3 2 0
github.com/burcev/api/internal/modules/nutrition/handler.go:63.2,64.16 2 0
github.com/burcev/api/internal/modules/nutrition/handler.go:64.16,68.3 3 0
github.com/burcev/api/internal/modules/nutrition/handler.go:70.2,70.64 1 0
github.com/burcev/api/internal/modules/nutrition/handler.go:74.44,79.16 4 0
github.com/burcev/api/internal/modules/nutrition/handler.go:79.16,83.3 3 0
github.com/burcev/api/internal/modules/nutrition/handler.go:85.2,85.59 1 0
github.com/burcev/api/internal/modules/nutrition/handler.go:89.47,94.47 4 0
github.com/burcev/api/internal/modules/nutrition/handler.go:94.47,97.3 2 0
github.com/burcev/api/internal/modules/nutrition/handler.go:99.2,100.16 2 0
github.com/burcev/api/internal/modules/nutrition/handler.go:100.16,104.3 3 0
github.com/burcev/api/internal/modules/nutrition/handler.go:106.2,106.59 1 0
github.com/burcev/api/internal/modules/nutrition/handler.go:110.47,114.93 3 0
github.com/burcev/api/internal/modules/nutrition/handler.go:114.93,118.3 3 0
github.com/burcev/api/internal/modules/nutrition/handler.go:120.2,120.82 1 0
github.com/burcev/api/internal/modules/nutrition/service.go:18.66,23.2 1 0
github.com/burcev/api/internal/modules/nutrition/service.go:40.84,59.2 2 0
github.com/burcev/api/internal/modules/nutrition/service.go:62.108,79.2 2 0
github.com/burcev/api/internal/modules/nutrition/service.go:82.89,99.2 2 0
github.com/burcev/api/internal/modules/nutrition/service.go:102.117,119.2 2 0
github.com/burcev/api/internal/modules/nutrition/service.go:122.82,127.2 2 0
github.com/burcev/api/internal/modules/users/handler.go:20.66,26.2 1 0
github.com/burcev/api/internal/modules/users/handler.go:29.46,33.16 3 0
github.com/burcev/api/internal/modules/users/handler.go:33.16,37.3 3 0
github.com/burcev/api/internal/modules/users/handler.go:39.2,39.63 1 0
github.com/burcev/api/internal/modules/users/handler.go:48.49,52.47 3 0
github.com/burcev/api/internal/modules/users/handler.go:52.47,55.3 2 0
github.com/burcev/api/internal/modules/users/handler.go:57.2,58.16 2 0
github.com/burcev/api/internal/modules/users/handler.go:58.16,62.3 3 0
github.com/burcev/api/internal/modules/users/handler.go:64.2,64.63 1 0
github.com/burcev/api/internal/modules/users/service.go:17.66,22.2 1 0
github.com/burcev/api/internal/modules/users/service.go:33.84,44.2 2 0
github.com/burcev/api/internal/modules/users/service.go:47.93,58.2 2 0
